<?xml version="1.0" encoding="UTF-8"?>
<!-- Generated by org.testng.reporters.JUnitXMLReporter -->
<testsuite ignored="0" hostname="DESKTOP-DNKJS5Q" failures="0" tests="1" name="Run on CHROME" time="2.473" errors="0" timestamp="18 Oct 2023 09:21:43 GMT">
  <testcase classname="com.nopcommerce.user.Test_Order_18102023" name="@BeforeClass beforeClass" time="2.461">
    <failure type="org.openqa.selenium.SessionNotCreatedException" message="session not created: This version of ChromeDriver only supports Chrome version 114
Current browser version is 118.0.5993.71 with binary path C:\Program Files\Google\Chrome\Application\chrome.exe
Build info: version: &amp;apos;3.141.59&amp;apos;, revision: &amp;apos;e82be7d358&amp;apos;, time: &amp;apos;2018-11-14T08:17:03&amp;apos;
System info: host: &amp;apos;DESKTOP-DNKJS5Q&amp;apos;, ip: &amp;apos;192.168.0.102&amp;apos;, os.name: &amp;apos;Windows 11&amp;apos;, os.arch: &amp;apos;amd64&amp;apos;, os.version: &amp;apos;10.0&amp;apos;, java.version: &amp;apos;11.0.14&amp;apos;
Driver info: driver.version: ChromeDriver
remote stacktrace: Backtrace:
	GetHandleVerifier [0x0058A813+48355]
	(No symbol) [0x0051C4B1]
	(No symbol) [0x00425358]
	(No symbol) [0x004461AC]
	(No symbol) [0x00441EF3]
	(No symbol) [0x00440579]
	(No symbol) [0x00470C55]
	(No symbol) [0x0047093C]
	(No symbol) [0x0046A536]
	(No symbol) [0x004482DC]
	(No symbol) [0x004493DD]
	GetHandleVerifier [0x007EAABD+2539405]
	GetHandleVerifier [0x0082A78F+2800735]
	GetHandleVerifier [0x0082456C+2775612]
	GetHandleVerifier [0x006151E0+616112]
	(No symbol) [0x00525F8C]
	(No symbol) [0x00522328]
	(No symbol) [0x0052240B]
	(No symbol) [0x00514FF7]
	BaseThreadInitThunk [0x76D07BA9+25]
	RtlInitializeExceptionChain [0x7744BD3B+107]
	RtlClearBits [0x7744BCBF+191]
">
      <![CDATA[org.openqa.selenium.SessionNotCreatedException: session not created: This version of ChromeDriver only supports Chrome version 114
Current browser version is 118.0.5993.71 with binary path C:\Program Files\Google\Chrome\Application\chrome.exe
Build info: version: '3.141.59', revision: 'e82be7d358', time: '2018-11-14T08:17:03'
System info: host: 'DESKTOP-DNKJS5Q', ip: '192.168.0.102', os.name: 'Windows 11', os.arch: 'amd64', os.version: '10.0', java.version: '11.0.14'
Driver info: driver.version: ChromeDriver
remote stacktrace: Backtrace:
GetHandleVerifier [0x0058A813+48355]
(No symbol) [0x0051C4B1]
(No symbol) [0x00425358]
(No symbol) [0x004461AC]
(No symbol) [0x00441EF3]
(No symbol) [0x00440579]
(No symbol) [0x00470C55]
(No symbol) [0x0047093C]
(No symbol) [0x0046A536]
(No symbol) [0x004482DC]
(No symbol) [0x004493DD]
GetHandleVerifier [0x007EAABD+2539405]
GetHandleVerifier [0x0082A78F+2800735]
GetHandleVerifier [0x0082456C+2775612]
GetHandleVerifier [0x006151E0+616112]
(No symbol) [0x00525F8C]
(No symbol) [0x00522328]
(No symbol) [0x0052240B]
(No symbol) [0x00514FF7]
BaseThreadInitThunk [0x76D07BA9+25]
RtlInitializeExceptionChain [0x7744BD3B+107]
RtlClearBits [0x7744BCBF+191]

at org.openqa.selenium.remote.W3CHandshakeResponse.lambda$errorHandler$0(W3CHandshakeResponse.java:62)
at org.openqa.selenium.remote.HandshakeResponse.lambda$getResponseFunction$0(HandshakeResponse.java:30)
at org.openqa.selenium.remote.ProtocolHandshake.lambda$createSession$0(ProtocolHandshake.java:126)
at java.base/java.util.stream.ReferencePipeline$3$1.accept(ReferencePipeline.java:195)
at java.base/java.util.Spliterators$ArraySpliterator.tryAdvance(Spliterators.java:958)
at java.base/java.util.stream.ReferencePipeline.forEachWithCancel(ReferencePipeline.java:127)
at java.base/java.util.stream.AbstractPipeline.copyIntoWithCancel(AbstractPipeline.java:502)
at java.base/java.util.stream.AbstractPipeline.copyInto(AbstractPipeline.java:488)
at java.base/java.util.stream.AbstractPipeline.wrapAndCopyInto(AbstractPipeline.java:474)
at java.base/java.util.stream.FindOps$FindOp.evaluateSequential(FindOps.java:150)
at java.base/java.util.stream.AbstractPipeline.evaluate(AbstractPipeline.java:234)
at java.base/java.util.stream.ReferencePipeline.findFirst(ReferencePipeline.java:543)
at org.openqa.selenium.remote.ProtocolHandshake.createSession(ProtocolHandshake.java:128)
at org.openqa.selenium.remote.ProtocolHandshake.createSession(ProtocolHandshake.java:74)
at org.openqa.selenium.remote.HttpCommandExecutor.execute(HttpCommandExecutor.java:136)
at org.openqa.selenium.remote.service.DriverCommandExecutor.execute(DriverCommandExecutor.java:83)
at org.openqa.selenium.remote.RemoteWebDriver.execute(RemoteWebDriver.java:552)
at org.openqa.selenium.remote.RemoteWebDriver.startSession(RemoteWebDriver.java:213)
at org.openqa.selenium.remote.RemoteWebDriver.<init>(RemoteWebDriver.java:131)
at org.openqa.selenium.chrome.ChromeDriver.<init>(ChromeDriver.java:181)
at org.openqa.selenium.chrome.ChromeDriver.<init>(ChromeDriver.java:168)
at org.openqa.selenium.chrome.ChromeDriver.<init>(ChromeDriver.java:123)
at commons.BaseTest.getBrowserDriver(BaseTest.java:51)
at com.nopcommerce.user.Test_Order_18102023.beforeClass(Test_Order_18102023.java:26)
... Removed 30 stack frames]]>
    </failure>
  </testcase> <!-- @BeforeClass beforeClass -->
  <testcase classname="com.nopcommerce.user.Test_Order_18102023" name="User_01_Order" time="0.0">
    <skipped/>
  </testcase> <!-- User_01_Order -->
</testsuite> <!-- Run on CHROME -->
